
Sun Jul 12 21:51:00 2020, board: 1, dev: 2, status: On
Sun Jul 12 21:51:03 2020, board: 1, dev: 1, status: On
Sun Jul 12 21:52:29 2020, board: 1, dev: 1, status: Off
Sun Jul 12 21:52:31 2020, board: 1, dev: 2, status: Off
Sun Jul 12 21:52:31 2020, board: 1, dev: 3, status: Off
Sun Jul 12 21:52:32 2020, board: 1, dev: 4, status: Off
Mon Jul 13 17:35:28 2020, board: 1, dev: 3, status: On
Mon Jul 13 17:35:30 2020, board: 1, dev: 3, status: Off
Mon Jul 13 17:35:31 2020, board: 1, dev: 4, status: On
Mon Jul 13 17:35:32 2020, board: 1, dev: 4, status: Off
Mon Jul 13 17:35:34 2020, board: 1, dev: 1, status: On
Mon Jul 13 17:35:35 2020, board: 1, dev: 1, status: Off
Mon Jul 13 17:38:38 2020, board: 1, dev: 1, status: On
Mon Jul 13 17:38:44 2020, board: 1, dev: 1, status: Off
Mon Jul 13 17:38:45 2020, board: 1, dev: 1, status: On
Mon Jul 13 17:38:52 2020, board: 1, dev: 1, status: Off
Mon Jul 13 17:38:56 2020, board: 1, dev: 1, status: On
Mon Jul 13 17:39:05 2020, board: 1, dev: 1, status: Off
Mon Jul 13 17:39:07 2020, board: 1, dev: 2, status: On
Mon Jul 13 17:39:09 2020, board: 1, dev: 2, status: Off
Mon Jul 13 17:39:10 2020, board: 1, dev: 2, status: On
Mon Jul 13 17:39:10 2020, board: 1, dev: 2, status: Off
Mon Jul 13 17:39:10 2020, board: 1, dev: 2, status: On
Mon Jul 13 17:39:13 2020, board: 1, dev: 2, status: Off
Mon Jul 13 17:39:13 2020, board: 1, dev: 2, status: On
Mon Jul 13 17:39:14 2020, board: 1, dev: 2, status: Off
Mon Jul 13 17:39:14 2020, board: 1, dev: 2, status: On
Mon Jul 13 17:39:16 2020, board: 1, dev: 2, status: Off
Mon Jul 13 17:39:17 2020, board: 1, dev: 2, status: On
Mon Jul 13 17:39:17 2020, board: 1, dev: 2, status: Off
Mon Jul 13 17:39:17 2020, board: 1, dev: 2, status: On
Mon Jul 13 17:39:19 2020, board: 1, dev: 2, status: Off
Mon Jul 13 17:39:19 2020, board: 1, dev: 2, status: On
Mon Jul 13 17:39:20 2020, board: 1, dev: 2, status: Off
Mon Jul 13 17:39:20 2020, board: 1, dev: 2, status: On
Mon Jul 13 17:39:21 2020, board: 1, dev: 2, status: Off
Mon Jul 13 17:39:22 2020, board: 1, dev: 2, status: On
Mon Jul 13 17:39:24 2020, board: 1, dev: 2, status: Off
Mon Jul 13 17:39:24 2020, board: 1, dev: 2, status: On
Mon Jul 13 17:39:25 2020, board: 1, dev: 2, status: Off
Mon Jul 13 17:39:25 2020, board: 1, dev: 2, status: On
Mon Jul 13 17:39:27 2020, board: 1, dev: 2, status: Off
Mon Jul 13 17:39:27 2020, board: 1, dev: 2, status: On
Mon Jul 13 17:40:03 2020, board: 1, dev: 2, status: Off
Mon Jul 13 17:40:38 2020, board: 1, dev: 4, status: On
Mon Jul 13 17:40:40 2020, board: 1, dev: 4, status: Off
Mon Jul 13 17:40:40 2020, board: 1, dev: 3, status: On
Mon Jul 13 17:40:41 2020, board: 1, dev: 3, status: Off
Mon Jul 13 17:40:43 2020, board: 1, dev: 2, status: On
Mon Jul 13 17:40:43 2020, board: 1, dev: 2, status: Off
Mon Jul 13 17:40:44 2020, board: 1, dev: 2, status: On
Mon Jul 13 17:40:45 2020, board: 1, dev: 2, status: Off
Mon Jul 13 17:40:45 2020, board: 1, dev: 2, status: On
Mon Jul 13 17:40:47 2020, board: 1, dev: 2, status: Off
Mon Jul 13 17:40:48 2020, board: 1, dev: 2, status: On
Mon Jul 13 17:40:49 2020, board: 1, dev: 2, status: Off
Mon Jul 13 17:40:50 2020, board: 1, dev: 2, status: On
Mon Jul 13 17:40:51 2020, board: 1, dev: 2, status: Off
Mon Jul 13 17:40:51 2020, board: 1, dev: 2, status: On
Mon Jul 13 17:40:53 2020, board: 1, dev: 2, status: Off
Mon Jul 13 17:40:53 2020, board: 1, dev: 2, status: On
Mon Jul 13 17:40:55 2020, board: 1, dev: 2, status: Off
Mon Jul 13 17:40:57 2020, board: 1, dev: 2, status: On
Mon Jul 13 17:40:59 2020, board: 1, dev: 2, status: Off
Mon Jul 13 17:41:01 2020, board: 1, dev: 2, status: On
Mon Jul 13 17:41:02 2020, board: 1, dev: 2, status: Off
Mon Jul 13 17:41:04 2020, board: 1, dev: 2, status: On
Mon Jul 13 17:41:06 2020, board: 1, dev: 2, status: Off
Mon Jul 13 17:41:06 2020, board: 1, dev: 2, status: On
Mon Jul 13 17:41:07 2020, board: 1, dev: 2, status: Off
Mon Jul 13 17:41:08 2020, board: 1, dev: 2, status: On
Mon Jul 13 17:41:09 2020, board: 1, dev: 2, status: Off
Mon Jul 13 17:41:09 2020, board: 1, dev: 2, status: On
Mon Jul 13 17:41:09 2020, board: 1, dev: 2, status: Off
Mon Jul 13 17:41:09 2020, board: 1, dev: 2, status: On
Mon Jul 13 17:41:09 2020, board: 1, dev: 2, status: Off
Mon Jul 13 17:41:10 2020, board: 1, dev: 2, status: On
Mon Jul 13 17:41:11 2020, board: 1, dev: 2, status: Off
Mon Jul 13 17:41:11 2020, board: 1, dev: 2, status: On
Mon Jul 13 17:41:11 2020, board: 1, dev: 2, status: Off
Mon Jul 13 17:41:12 2020, board: 1, dev: 2, status: On
Mon Jul 13 17:41:12 2020, board: 1, dev: 2, status: Off
Mon Jul 13 17:41:16 2020, board: 1, dev: 1, status: On
Mon Jul 13 17:41:18 2020, board: 1, dev: 1, status: Off
Mon Jul 13 17:41:40 2020, board: 1, dev: 1, status: On
Mon Jul 13 17:41:40 2020, board: 1, dev: 1, status: Off
Mon Jul 13 17:54:30 2020, board: 1, dev: 1, status: On
Mon Jul 13 17:54:33 2020, board: 1, dev: 1, status: Off
Mon Jul 13 17:54:36 2020, board: 1, dev: 1, status: On
Mon Jul 13 17:54:38 2020, board: 1, dev: 1, status: Off
Mon Jul 13 18:11:59 2020, board: 1, dev: 1, status: On
Mon Jul 13 18:12:02 2020, board: 1, dev: 1, status: Off
Mon Jul 13 18:13:13 2020, board: 1, dev: 1, status: On
Mon Jul 13 18:13:38 2020, board: 1, dev: 1, status: Off
Mon Jul 13 19:32:34 2020, board: 1, dev: 1, status: On
Mon Jul 13 22:02:48 2020, board: 1, dev: 1, status: On
Mon Jul 13 22:02:50 2020, board: 1, dev: 1, status: Off
Mon Jul 13 22:04:48 2020, board: 1, dev: 2, status: Off
Mon Jul 13 22:04:49 2020, board: 1, dev: 2, status: On
Mon Jul 13 22:04:53 2020, board: 1, dev: 2, status: Off
Mon Jul 13 22:04:56 2020, board: 1, dev: 1, status: Off
Mon Jul 13 22:05:00 2020, board: 1, dev: 4, status: Off
Mon Jul 13 22:09:06 2020, board: 1, dev: 3, status: Off
Mon Jul 13 22:09:06 2020, board: 1, dev: 3, status: On
Mon Jul 13 22:09:09 2020, board: 1, dev: 3, status: Off
Mon Jul 13 22:09:11 2020, board: 1, dev: 2, status: Off
Mon Jul 13 22:09:11 2020, board: 1, dev: 2, status: On
Mon Jul 13 22:09:13 2020, board: 1, dev: 2, status: Off
Mon Jul 13 22:09:15 2020, board: 1, dev: 1, status: On
Mon Jul 13 22:09:17 2020, board: 1, dev: 4, status: On
Mon Jul 13 22:09:18 2020, board: 1, dev: 3, status: On
Mon Jul 13 22:09:21 2020, board: 1, dev: 2, status: On
Mon Jul 13 22:09:26 2020, board: 1, dev: 2, status: Off
Mon Jul 13 22:09:26 2020, board: 1, dev: 2, status: On
Mon Jul 13 22:09:26 2020, board: 1, dev: 1, status: Off
Mon Jul 13 22:09:28 2020, board: 1, dev: 2, status: Off
Mon Jul 13 22:09:28 2020, board: 1, dev: 3, status: Off
Mon Jul 13 22:09:29 2020, board: 1, dev: 3, status: On
Mon Jul 13 22:09:30 2020, board: 1, dev: 3, status: Off
Mon Jul 13 22:09:30 2020, board: 1, dev: 4, status: Off
Tue Jul 14 09:56:08 2020, board: 1, dev: 2, status: On
Tue Jul 14 09:56:10 2020, board: 1, dev: 2, status: Off
Tue Jul 14 09:56:14 2020, board: 1, dev: 2, status: On
Tue Jul 14 09:56:19 2020, board: 1, dev: 2, status: Off
Tue Jul 14 09:56:37 2020, board: 1, dev: 2, status: On
Tue Jul 14 09:56:38 2020, board: 1, dev: 2, status: Off
Tue Jul 14 09:56:48 2020, board: 1, dev: 2, status: On
Tue Jul 14 09:56:52 2020, board: 1, dev: 3, status: On
Tue Jul 14 09:56:53 2020, board: 1, dev: 3, status: Off
Tue Jul 14 09:56:53 2020, board: 1, dev: 4, status: On
Tue Jul 14 09:56:55 2020, board: 1, dev: 3, status: On
Tue Jul 14 09:56:56 2020, board: 1, dev: 1, status: On
Tue Jul 14 09:56:57 2020, board: 1, dev: 1, status: Off
Tue Jul 14 09:56:58 2020, board: 1, dev: 2, status: Off
Tue Jul 14 09:56:59 2020, board: 1, dev: 2, status: On
Tue Jul 14 09:57:00 2020, board: 1, dev: 3, status: Off
Tue Jul 14 09:57:01 2020, board: 1, dev: 4, status: Off
Tue Jul 14 09:57:03 2020, board: 1, dev: 2, status: Off
Tue Jul 14 09:57:04 2020, board: 1, dev: 3, status: On
Tue Jul 14 09:57:05 2020, board: 1, dev: 2, status: On
Tue Jul 14 09:57:06 2020, board: 1, dev: 4, status: On
Tue Jul 14 09:57:07 2020, board: 1, dev: 4, status: Off
Tue Jul 14 09:57:07 2020, board: 1, dev: 4, status: On
Tue Jul 14 09:57:07 2020, board: 1, dev: 4, status: Off
Tue Jul 14 09:57:09 2020, board: 1, dev: 4, status: On
Tue Jul 14 09:57:09 2020, board: 1, dev: 4, status: Off
Tue Jul 14 09:57:10 2020, board: 1, dev: 4, status: On
Tue Jul 14 09:57:10 2020, board: 1, dev: 4, status: Off
Tue Jul 14 09:57:10 2020, board: 1, dev: 4, status: On
Tue Jul 14 09:57:11 2020, board: 1, dev: 4, status: Off
Tue Jul 14 09:57:11 2020, board: 1, dev: 4, status: On
Tue Jul 14 09:57:12 2020, board: 1, dev: 4, status: Off
Tue Jul 14 09:57:12 2020, board: 1, dev: 1, status: On
Tue Jul 14 09:57:13 2020, board: 1, dev: 1, status: Off
Tue Jul 14 09:57:13 2020, board: 1, dev: 2, status: Off
Tue Jul 14 09:57:14 2020, board: 1, dev: 3, status: Off
Tue Jul 14 09:57:15 2020, board: 1, dev: 4, status: On
Tue Jul 14 09:57:15 2020, board: 1, dev: 4, status: Off
Tue Jul 14 09:57:16 2020, board: 1, dev: 4, status: On
Tue Jul 14 09:57:16 2020, board: 1, dev: 4, status: Off
Tue Jul 14 09:57:22 2020, board: 1, dev: 4, status: On
Tue Jul 14 09:57:23 2020, board: 1, dev: 4, status: Off
Tue Jul 14 09:58:26 2020, board: 1, dev: 4, status: On
Tue Jul 14 09:58:27 2020, board: 1, dev: 4, status: Off
Tue Jul 14 09:59:01 2020, board: 1, dev: 4, status: On
Tue Jul 14 10:01:23 2020, board: 1, dev: 4, status: Off
Tue Jul 14 10:01:27 2020, board: 1, dev: 4, status: On
Tue Jul 14 10:01:28 2020, board: 1, dev: 3, status: On
Tue Jul 14 10:01:29 2020, board: 1, dev: 2, status: On
Tue Jul 14 10:01:30 2020, board: 1, dev: 1, status: On
Tue Jul 14 10:01:31 2020, board: 1, dev: 1, status: Off
Tue Jul 14 10:01:31 2020, board: 1, dev: 2, status: Off
Tue Jul 14 10:01:32 2020, board: 1, dev: 3, status: Off
Tue Jul 14 10:01:33 2020, board: 1, dev: 4, status: Off
Tue Jul 14 10:05:01 2020, board: 1, dev: 4, status: On
Tue Jul 14 10:05:02 2020, board: 1, dev: 4, status: Off
Tue Jul 14 10:05:02 2020, board: 1, dev: 4, status: On
Tue Jul 14 10:05:03 2020, board: 1, dev: 4, status: Off
Tue Jul 14 10:05:04 2020, board: 1, dev: 1, status: On
Tue Jul 14 10:05:08 2020, board: 1, dev: 1, status: Off
Tue Jul 14 10:05:27 2020, board: 1, dev: 1, status: On
Tue Jul 14 10:05:28 2020, board: 1, dev: 1, status: Off
Tue Jul 14 10:05:29 2020, board: 1, dev: 1, status: On
Tue Jul 14 10:05:30 2020, board: 1, dev: 1, status: Off
Tue Jul 14 10:05:30 2020, board: 1, dev: 1, status: On
Tue Jul 14 10:05:30 2020, board: 1, dev: 1, status: Off
Tue Jul 14 10:05:31 2020, board: 1, dev: 1, status: On
Tue Jul 14 10:05:32 2020, board: 1, dev: 1, status: Off
Tue Jul 14 10:05:33 2020, board: 1, dev: 1, status: On
Tue Jul 14 10:05:36 2020, board: 1, dev: 1, status: Off
Tue Jul 14 10:06:00 2020, board: 1, dev: 1, status: On
Tue Jul 14 10:06:02 2020, board: 1, dev: 1, status: Off
Tue Jul 14 10:06:03 2020, board: 1, dev: 1, status: On
Tue Jul 14 10:06:05 2020, board: 1, dev: 1, status: Off
Tue Jul 14 10:06:05 2020, board: 1, dev: 1, status: On
Tue Jul 14 10:06:06 2020, board: 1, dev: 3, status: On
Tue Jul 14 10:06:07 2020, board: 1, dev: 2, status: On
Tue Jul 14 10:06:08 2020, board: 1, dev: 2, status: Off
Tue Jul 14 10:06:09 2020, board: 1, dev: 2, status: On
Tue Jul 14 10:06:09 2020, board: 1, dev: 4, status: On
Tue Jul 14 10:06:09 2020, board: 1, dev: 4, status: Off
Tue Jul 14 10:06:10 2020, board: 1, dev: 4, status: On
Tue Jul 14 10:06:10 2020, board: 1, dev: 4, status: Off
Tue Jul 14 10:06:11 2020, board: 1, dev: 2, status: Off
Tue Jul 14 10:06:11 2020, board: 1, dev: 2, status: On
Tue Jul 14 10:06:13 2020, board: 1, dev: 2, status: Off
Tue Jul 14 10:06:13 2020, board: 1, dev: 1, status: Off
Tue Jul 14 10:06:14 2020, board: 1, dev: 3, status: Off
Tue Jul 14 10:06:14 2020, board: 1, dev: 3, status: On
Tue Jul 14 10:06:15 2020, board: 1, dev: 3, status: Off
Tue Jul 14 10:06:15 2020, board: 1, dev: 3, status: On
Tue Jul 14 10:06:15 2020, board: 1, dev: 2, status: On
Tue Jul 14 10:06:16 2020, board: 1, dev: 4, status: On
Tue Jul 14 10:06:18 2020, board: 1, dev: 1, status: On
Tue Jul 14 10:06:18 2020, board: 1, dev: 1, status: Off
Tue Jul 14 10:06:19 2020, board: 1, dev: 3, status: Off
Tue Jul 14 10:06:20 2020, board: 1, dev: 4, status: Off
Tue Jul 14 10:06:20 2020, board: 1, dev: 2, status: Off
Tue Jul 14 10:06:21 2020, board: 1, dev: 4, status: On
Tue Jul 14 10:06:22 2020, board: 1, dev: 2, status: On
Tue Jul 14 10:06:22 2020, board: 1, dev: 3, status: On
Tue Jul 14 10:06:23 2020, board: 1, dev: 3, status: Off
Tue Jul 14 10:06:23 2020, board: 1, dev: 3, status: On
Tue Jul 14 10:06:24 2020, board: 1, dev: 3, status: Off
Tue Jul 14 10:06:24 2020, board: 1, dev: 2, status: Off
Tue Jul 14 10:06:25 2020, board: 1, dev: 3, status: On
Tue Jul 14 10:06:25 2020, board: 1, dev: 2, status: On
Tue Jul 14 10:06:26 2020, board: 1, dev: 2, status: Off
Tue Jul 14 10:06:27 2020, board: 1, dev: 3, status: Off
Tue Jul 14 10:06:27 2020, board: 1, dev: 4, status: Off
Tue Jul 14 10:06:28 2020, board: 1, dev: 3, status: On
Tue Jul 14 10:06:29 2020, board: 1, dev: 2, status: On
Tue Jul 14 10:06:29 2020, board: 1, dev: 4, status: On
Tue Jul 14 10:06:30 2020, board: 1, dev: 4, status: Off
Tue Jul 14 10:06:30 2020, board: 1, dev: 3, status: Off
Tue Jul 14 10:06:31 2020, board: 1, dev: 2, status: Off
Tue Jul 14 10:06:31 2020, board: 1, dev: 2, status: On
Tue Jul 14 10:06:31 2020, board: 1, dev: 3, status: On
Tue Jul 14 10:06:33 2020, board: 1, dev: 4, status: On
Tue Jul 14 10:06:33 2020, board: 1, dev: 3, status: Off
Tue Jul 14 10:06:33 2020, board: 1, dev: 3, status: On
Tue Jul 14 10:06:34 2020, board: 1, dev: 2, status: Off
Tue Jul 14 10:06:34 2020, board: 1, dev: 3, status: Off
Tue Jul 14 10:06:35 2020, board: 1, dev: 4, status: Off
Tue Jul 14 10:06:38 2020, board: 1, dev: 4, status: On
Tue Jul 14 10:06:39 2020, board: 1, dev: 2, status: On
Tue Jul 14 10:06:40 2020, board: 1, dev: 3, status: On
Tue Jul 14 10:06:40 2020, board: 1, dev: 3, status: Off
Tue Jul 14 10:06:40 2020, board: 1, dev: 2, status: Off
Tue Jul 14 10:06:41 2020, board: 1, dev: 3, status: On
Tue Jul 14 10:06:41 2020, board: 1, dev: 2, status: On
Tue Jul 14 10:06:42 2020, board: 1, dev: 2, status: Off
Tue Jul 14 10:06:42 2020, board: 1, dev: 3, status: Off
Tue Jul 14 10:06:44 2020, board: 1, dev: 4, status: Off
Tue Jul 14 10:06:44 2020, board: 1, dev: 3, status: On
Tue Jul 14 10:06:44 2020, board: 1, dev: 2, status: On
Tue Jul 14 10:06:44 2020, board: 1, dev: 4, status: On
Tue Jul 14 10:06:48 2020, board: 1, dev: 4, status: Off
Tue Jul 14 10:06:49 2020, board: 1, dev: 3, status: Off
Tue Jul 14 10:06:49 2020, board: 1, dev: 2, status: Off
Tue Jul 14 10:06:50 2020, board: 1, dev: 3, status: On
Tue Jul 14 10:06:50 2020, board: 1, dev: 2, status: On
Tue Jul 14 10:06:51 2020, board: 1, dev: 1, status: On
Tue Jul 14 10:06:51 2020, board: 1, dev: 1, status: Off
Tue Jul 14 10:06:52 2020, board: 1, dev: 2, status: Off
Tue Jul 14 10:06:53 2020, board: 1, dev: 3, status: Off
Tue Jul 14 10:06:54 2020, board: 1, dev: 4, status: On
Tue Jul 14 10:06:54 2020, board: 1, dev: 3, status: On
Tue Jul 14 10:06:55 2020, board: 1, dev: 2, status: On
Tue Jul 14 10:06:55 2020, board: 1, dev: 1, status: On
Tue Jul 14 10:06:56 2020, board: 1, dev: 1, status: Off
Tue Jul 14 10:06:56 2020, board: 1, dev: 2, status: Off
Tue Jul 14 10:06:57 2020, board: 1, dev: 3, status: Off
Tue Jul 14 10:06:57 2020, board: 1, dev: 4, status: Off
Tue Jul 14 10:06:58 2020, board: 1, dev: 2, status: On
Tue Jul 14 10:06:59 2020, board: 1, dev: 1, status: On
Tue Jul 14 10:06:59 2020, board: 1, dev: 3, status: On
Tue Jul 14 10:07:00 2020, board: 1, dev: 3, status: Off
Tue Jul 14 10:07:01 2020, board: 1, dev: 1, status: Off
Tue Jul 14 10:07:01 2020, board: 1, dev: 3, status: On
Tue Jul 14 10:07:02 2020, board: 1, dev: 1, status: On
Tue Jul 14 10:07:03 2020, board: 1, dev: 1, status: Off
Tue Jul 14 10:07:04 2020, board: 1, dev: 4, status: On
Tue Jul 14 10:07:05 2020, board: 1, dev: 1, status: On
Tue Jul 14 10:07:05 2020, board: 1, dev: 1, status: Off
Tue Jul 14 10:07:05 2020, board: 1, dev: 1, status: On
Tue Jul 14 10:07:06 2020, board: 1, dev: 1, status: Off
Tue Jul 14 10:07:06 2020, board: 1, dev: 2, status: Off
Tue Jul 14 10:07:07 2020, board: 1, dev: 3, status: Off
Tue Jul 14 10:07:07 2020, board: 1, dev: 4, status: Off
Tue Jul 14 10:07:08 2020, board: 1, dev: 4, status: On
Tue Jul 14 10:07:09 2020, board: 1, dev: 4, status: Off
Tue Jul 14 10:07:55 2020, board: 1, dev: 2, status: On
Tue Jul 14 10:07:56 2020, board: 1, dev: 2, status: Off
Tue Jul 14 10:07:59 2020, board: 1, dev: 1, status: On
Tue Jul 14 10:08:00 2020, board: 1, dev: 1, status: Off
Tue Jul 14 10:08:00 2020, board: 1, dev: 1, status: On
Tue Jul 14 10:08:01 2020, board: 1, dev: 1, status: Off
Tue Jul 14 10:08:02 2020, board: 1, dev: 1, status: On
Tue Jul 14 10:08:03 2020, board: 1, dev: 1, status: Off
Tue Jul 14 10:08:04 2020, board: 1, dev: 1, status: On
Tue Jul 14 10:08:05 2020, board: 1, dev: 1, status: Off
Tue Jul 14 10:08:06 2020, board: 1, dev: 2, status: On
Tue Jul 14 10:08:06 2020, board: 1, dev: 2, status: Off
Tue Jul 14 10:08:12 2020, board: 1, dev: 1, status: On
Tue Jul 14 10:08:12 2020, board: 1, dev: 1, status: Off
Tue Jul 14 10:08:14 2020, board: 1, dev: 2, status: On
Tue Jul 14 10:08:14 2020, board: 1, dev: 2, status: Off
Tue Jul 14 10:08:15 2020, board: 1, dev: 1, status: On
Tue Jul 14 10:08:16 2020, board: 1, dev: 1, status: Off
Tue Jul 14 10:08:49 2020, board: 1, dev: 1, status: On
Tue Jul 14 10:08:50 2020, board: 1, dev: 1, status: Off
Tue Jul 14 10:08:50 2020, board: 1, dev: 1, status: On
Tue Jul 14 10:08:50 2020, board: 1, dev: 1, status: Off
Tue Jul 14 10:08:51 2020, board: 1, dev: 1, status: On
Tue Jul 14 10:08:52 2020, board: 1, dev: 1, status: Off
Tue Jul 14 10:08:53 2020, board: 1, dev: 1, status: On
Tue Jul 14 10:08:54 2020, board: 1, dev: 1, status: Off
Tue Jul 14 10:08:54 2020, board: 1, dev: 1, status: On
Tue Jul 14 10:08:56 2020, board: 1, dev: 1, status: Off
Tue Jul 14 10:08:58 2020, board: 1, dev: 1, status: On
Tue Jul 14 10:08:58 2020, board: 1, dev: 1, status: Off
Tue Jul 14 10:08:59 2020, board: 1, dev: 1, status: On
Tue Jul 14 10:09:00 2020, board: 1, dev: 1, status: Off
Tue Jul 14 10:09:01 2020, board: 1, dev: 1, status: On
Tue Jul 14 10:09:01 2020, board: 1, dev: 1, status: Off
Tue Jul 14 10:09:09 2020, board: 1, dev: 1, status: On
Tue Jul 14 10:09:12 2020, board: 1, dev: 1, status: Off
Tue Jul 14 10:09:13 2020, board: 1, dev: 1, status: On
Tue Jul 14 10:09:14 2020, board: 1, dev: 1, status: Off
Tue Jul 14 10:09:14 2020, board: 1, dev: 1, status: On
Tue Jul 14 10:09:15 2020, board: 1, dev: 1, status: Off
Tue Jul 14 10:09:16 2020, board: 1, dev: 1, status: On
Tue Jul 14 10:09:16 2020, board: 1, dev: 1, status: Off
Tue Jul 14 10:09:17 2020, board: 1, dev: 2, status: On
Tue Jul 14 10:09:18 2020, board: 1, dev: 2, status: Off
Tue Jul 14 10:09:19 2020, board: 1, dev: 2, status: On
Tue Jul 14 10:09:19 2020, board: 1, dev: 2, status: Off
Tue Jul 14 10:09:20 2020, board: 1, dev: 1, status: On
Tue Jul 14 10:09:21 2020, board: 1, dev: 1, status: Off
Tue Jul 14 10:16:24 2020, board: 1, dev: 1, status: On
Tue Jul 14 10:16:24 2020, board: 1, dev: 1, status: Off
Tue Jul 14 10:16:24 2020, board: 1, dev: 1, status: On
Tue Jul 14 10:16:26 2020, board: 1, dev: 1, status: Off
Tue Jul 14 10:16:26 2020, board: 1, dev: 1, status: On
Tue Jul 14 10:16:27 2020, board: 1, dev: 1, status: Off
Tue Jul 14 10:16:28 2020, board: 1, dev: 1, status: On
Tue Jul 14 10:16:28 2020, board: 1, dev: 1, status: Off
Tue Jul 14 10:16:29 2020, board: 1, dev: 1, status: On
Tue Jul 14 10:16:29 2020, board: 1, dev: 1, status: Off
Tue Jul 14 10:16:30 2020, board: 1, dev: 1, status: On
Tue Jul 14 10:16:32 2020, board: 1, dev: 1, status: Off
Tue Jul 14 10:18:31 2020, board: 1, dev: 1, status: On
Tue Jul 14 10:18:32 2020, board: 1, dev: 1, status: Off
Tue Jul 14 10:18:32 2020, board: 1, dev: 1, status: On
Tue Jul 14 10:18:32 2020, board: 1, dev: 1, status: Off
Tue Jul 14 10:18:34 2020, board: 1, dev: 1, status: On
Tue Jul 14 10:18:34 2020, board: 1, dev: 1, status: Off
Tue Jul 14 10:18:35 2020, board: 1, dev: 1, status: On
Tue Jul 14 10:18:36 2020, board: 1, dev: 1, status: Off
Tue Jul 14 10:18:37 2020, board: 1, dev: 1, status: On
Tue Jul 14 10:18:40 2020, board: 1, dev: 1, status: Off
Tue Jul 14 10:18:41 2020, board: 1, dev: 1, status: On
Tue Jul 14 10:18:41 2020, board: 1, dev: 1, status: Off
Tue Jul 14 10:18:42 2020, board: 1, dev: 2, status: On
Tue Jul 14 10:18:42 2020, board: 1, dev: 2, status: Off
Tue Jul 14 10:18:55 2020, board: 1, dev: 1, status: On
Tue Jul 14 10:18:55 2020, board: 1, dev: 1, status: Off
Tue Jul 14 10:18:56 2020, board: 1, dev: 1, status: On
Tue Jul 14 10:18:56 2020, board: 1, dev: 1, status: Off
Tue Jul 14 10:18:57 2020, board: 1, dev: 1, status: On
Tue Jul 14 10:18:57 2020, board: 1, dev: 1, status: Off
Tue Jul 14 10:19:14 2020, board: 1, dev: 1, status: On
Tue Jul 14 10:19:14 2020, board: 1, dev: 1, status: Off
Tue Jul 14 10:19:15 2020, board: 1, dev: 1, status: On
Tue Jul 14 10:19:16 2020, board: 1, dev: 1, status: Off
Tue Jul 14 10:19:17 2020, board: 1, dev: 1, status: On
Tue Jul 14 10:19:18 2020, board: 1, dev: 1, status: Off
Tue Jul 14 10:19:18 2020, board: 1, dev: 1, status: On
Tue Jul 14 10:19:19 2020, board: 1, dev: 1, status: Off
Tue Jul 14 10:19:20 2020, board: 1, dev: 2, status: On
Tue Jul 14 10:19:21 2020, board: 1, dev: 1, status: On
Tue Jul 14 10:19:22 2020, board: 1, dev: 1, status: Off
Tue Jul 14 10:19:23 2020, board: 1, dev: 1, status: On
Tue Jul 14 10:19:35 2020, board: 1, dev: 1, status: Off
Tue Jul 14 10:20:31 2020, board: 1, dev: 2, status: Off
Tue Jul 14 18:26:12 2020, board: 1, dev: 2, status: On
Tue Jul 14 18:26:16 2020, board: 1, dev: 1, status: On
Tue Jul 14 18:26:19 2020, board: 1, dev: 3, status: On
Tue Jul 14 18:26:21 2020, board: 1, dev: 4, status: On
Tue Jul 14 18:28:04 2020, board: 1, dev: 1, status: On
Tue Jul 14 18:28:08 2020, board: 1, dev: 4, status: On
Tue Jul 14 18:28:20 2020, board: 1, dev: 2, status: Off
Tue Jul 14 18:28:21 2020, board: 1, dev: 1, status: Off
Tue Jul 14 18:28:47 2020, board: 1, dev: 4, status: Off
Tue Jul 14 18:28:47 2020, board: 1, dev: 4, status: On
Tue Jul 14 18:28:48 2020, board: 1, dev: 4, status: Off
Tue Jul 14 18:28:49 2020, board: 1, dev: 2, status: Off
Tue Jul 14 18:28:49 2020, board: 1, dev: 1, status: Off
Tue Jul 14 18:41:27 2020, board: 1, dev: 1, status: On
Tue Jul 14 18:41:27 2020, board: 1, dev: 1, status: Off
Tue Jul 14 18:48:33 2020, board: 1, dev: 2, status: On
Tue Jul 14 18:48:35 2020, board: 1, dev: 1, status: On
Tue Jul 14 18:48:37 2020, board: 1, dev: 1, status: Off
Tue Jul 14 18:48:38 2020, board: 1, dev: 1, status: On
Tue Jul 14 18:48:38 2020, board: 1, dev: 1, status: Off
Tue Jul 14 18:48:38 2020, board: 1, dev: 1, status: On
Tue Jul 14 18:48:40 2020, board: 1, dev: 1, status: Off
Tue Jul 14 18:48:40 2020, board: 1, dev: 1, status: On
Tue Jul 14 18:48:40 2020, board: 1, dev: 1, status: Off
Tue Jul 14 18:48:42 2020, board: 1, dev: 2, status: Off
Tue Jul 14 18:48:43 2020, board: 1, dev: 3, status: Off
Tue Jul 14 18:49:23 2020, board: 1, dev: 1, status: Off
Tue Jul 14 18:49:24 2020, board: 1, dev: 3, status: Off
Tue Jul 14 18:49:25 2020, board: 1, dev: 4, status: Off
Tue Jul 14 18:49:26 2020, board: 1, dev: 2, status: On
Tue Jul 14 18:49:26 2020, board: 1, dev: 2, status: Off
Tue Jul 14 18:50:11 2020, board: 1, dev: 1, status: Off
Tue Jul 14 18:50:30 2020, board: 1, dev: 2, status: On
Tue Jul 14 18:50:30 2020, board: 1, dev: 2, status: Off
Tue Jul 14 18:50:42 2020, board: 1, dev: 1, status: Off
Tue Jul 14 18:50:49 2020, board: 1, dev: 2, status: Off
Tue Jul 14 19:03:56 2020, board: 1, dev: 2, status: Off
Tue Jul 14 19:03:58 2020, board: 1, dev: 1, status: Off
Tue Jul 14 19:03:58 2020, board: 1, dev: 1, status: On
Tue Jul 14 19:04:01 2020, board: 1, dev: 1, status: Off
Tue Jul 14 19:04:04 2020, board: 1, dev: 3, status: Off
Tue Jul 14 19:04:04 2020, board: 1, dev: 4, status: Off
Tue Jul 14 19:05:55 2020, board: 1, dev: 1, status: Off
Tue Jul 14 19:07:33 2020, board: 1, dev: 4, status: Off
Tue Jul 14 19:07:34 2020, board: 1, dev: 3, status: Off
Tue Jul 14 19:07:35 2020, board: 1, dev: 2, status: Off
Tue Jul 14 19:07:35 2020, board: 1, dev: 1, status: Off
Tue Jul 14 19:09:01 2020, board: 1, dev: 3, status: Off
Tue Jul 14 19:09:02 2020, board: 1, dev: 2, status: Off
Tue Jul 14 19:13:03 2020, board: 1, dev: 1, status: Off
Tue Jul 14 19:13:04 2020, board: 1, dev: 2, status: Off
Tue Jul 14 19:13:05 2020, board: 1, dev: 3, status: Off
Tue Jul 14 19:13:05 2020, board: 1, dev: 4, status: Off
Tue Jul 14 19:13:23 2020, board: 1, dev: 1, status: Off
Tue Jul 14 19:13:23 2020, board: 1, dev: 1, status: On
Tue Jul 14 19:13:25 2020, board: 1, dev: 2, status: Off
Tue Jul 14 19:14:02 2020, board: 1, dev: 1, status: On
Tue Jul 14 19:14:03 2020, board: 1, dev: 1, status: Off
Tue Jul 14 19:14:11 2020, board: 1, dev: 2, status: On
Tue Jul 14 19:14:13 2020, board: 1, dev: 3, status: On
Tue Jul 14 19:14:14 2020, board: 1, dev: 1, status: On
Tue Jul 14 19:14:15 2020, board: 1, dev: 4, status: On
Tue Jul 14 19:14:25 2020, board: 1, dev: 2, status: Off
Tue Jul 14 19:14:26 2020, board: 1, dev: 3, status: Off
Tue Jul 14 19:14:26 2020, board: 1, dev: 4, status: Off
Tue Jul 14 19:15:01 2020, board: 1, dev: 1, status: Off
Tue Jul 14 19:22:31 2020, board: 1, dev: 3, status: On
Tue Jul 14 19:22:31 2020, board: 1, dev: 4, status: On
Tue Jul 14 19:24:36 2020, board: 1, dev: 3, status: Off
Tue Jul 14 19:24:37 2020, board: 1, dev: 1, status: Off
Tue Jul 14 19:31:20 2020, board: 1, dev: 4, status: Off
Tue Jul 14 19:31:21 2020, board: 1, dev: 3, status: Off
Tue Jul 14 19:31:21 2020, board: 1, dev: 2, status: Off
Tue Jul 14 19:31:22 2020, board: 1, dev: 1, status: On
Tue Jul 14 19:31:23 2020, board: 1, dev: 1, status: Off
Tue Jul 14 19:31:23 2020, board: 1, dev: 1, status: On
Tue Jul 14 19:31:23 2020, board: 1, dev: 1, status: Off
Tue Jul 14 19:32:18 2020, board: 1, dev: 4, status: Off
Tue Jul 14 19:32:20 2020, board: 1, dev: 3, status: Off
Tue Jul 14 19:32:21 2020, board: 1, dev: 1, status: Off
Tue Jul 14 19:32:22 2020, board: 1, dev: 2, status: Off
Tue Jul 14 19:35:13 2020, board: 1, dev: 1, status: On
Tue Jul 14 19:35:18 2020, board: 1, dev: 1, status: Off
Tue Jul 14 19:40:12 2020, board: 1, dev: 4, status: Off
Tue Jul 14 19:40:12 2020, board: 1, dev: 3, status: Off
Tue Jul 14 19:40:13 2020, board: 1, dev: 2, status: Off
Tue Jul 14 19:40:13 2020, board: 1, dev: 1, status: Off
Tue Jul 14 19:42:28 2020, board: 1, dev: 2, status: Off
Tue Jul 14 19:42:29 2020, board: 1, dev: 1, status: Off
Tue Jul 14 19:42:32 2020, board: 1, dev: 1, status: On
Tue Jul 14 19:42:34 2020, board: 1, dev: 1, status: Off
Tue Jul 14 19:42:35 2020, board: 1, dev: 2, status: On
Tue Jul 14 19:42:38 2020, board: 1, dev: 1, status: On
Tue Jul 14 19:42:39 2020, board: 1, dev: 1, status: Off
Tue Jul 14 19:42:40 2020, board: 1, dev: 2, status: Off
Tue Jul 14 19:42:42 2020, board: 1, dev: 4, status: On
Tue Jul 14 19:42:43 2020, board: 1, dev: 3, status: On
Tue Jul 14 19:42:43 2020, board: 1, dev: 3, status: Off
Tue Jul 14 19:42:43 2020, board: 1, dev: 4, status: Off
Tue Jul 14 19:52:37 2020, board: 1, dev: 2, status: Off
Tue Jul 14 19:59:35 2020, board: 1, dev: 4, status: On
Tue Jul 14 19:59:38 2020, board: 1, dev: 4, status: Off
Wed Jul 15 14:17:32 2020, board: 1, dev: 1, status: Off
Wed Jul 15 14:17:32 2020, board: 1, dev: 1, status: On
Wed Jul 15 14:17:34 2020, board: 1, dev: 1, status: Off
Wed Jul 15 14:17:36 2020, board: 1, dev: 2, status: Off
Wed Jul 15 14:17:56 2020, board: 1, dev: 2, status: Off
Wed Jul 15 14:18:02 2020, board: 1, dev: 2, status: On
Wed Jul 15 14:18:03 2020, board: 1, dev: 3, status: On
Wed Jul 15 14:18:04 2020, board: 1, dev: 4, status: On
Wed Jul 15 14:18:51 2020, board: 1, dev: 2, status: On
Wed Jul 15 14:18:53 2020, board: 1, dev: 2, status: Off
Wed Jul 15 14:18:54 2020, board: 1, dev: 2, status: On
Wed Jul 15 14:18:55 2020, board: 1, dev: 2, status: Off
Wed Jul 15 14:18:56 2020, board: 1, dev: 3, status: On
Wed Jul 15 14:18:57 2020, board: 1, dev: 4, status: On
Wed Jul 15 14:18:57 2020, board: 1, dev: 3, status: Off
Wed Jul 15 14:18:58 2020, board: 1, dev: 2, status: On
Wed Jul 15 14:18:58 2020, board: 1, dev: 1, status: On
Wed Jul 15 14:19:00 2020, board: 1, dev: 1, status: Off
Wed Jul 15 14:19:01 2020, board: 1, dev: 2, status: Off
Wed Jul 15 14:19:02 2020, board: 1, dev: 4, status: Off
Wed Jul 15 14:19:05 2020, board: 1, dev: 2, status: On
Wed Jul 15 14:19:09 2020, board: 1, dev: 1, status: On
Wed Jul 15 14:19:10 2020, board: 1, dev: 1, status: Off
Wed Jul 15 14:19:11 2020, board: 1, dev: 2, status: Off
Wed Jul 15 14:19:12 2020, board: 1, dev: 3, status: On
Wed Jul 15 14:19:13 2020, board: 1, dev: 4, status: On
Wed Jul 15 14:19:13 2020, board: 1, dev: 2, status: On
Wed Jul 15 14:19:14 2020, board: 1, dev: 1, status: On
Wed Jul 15 14:19:15 2020, board: 1, dev: 1, status: Off
Wed Jul 15 14:19:16 2020, board: 1, dev: 2, status: Off
Wed Jul 15 14:19:16 2020, board: 1, dev: 3, status: Off
Wed Jul 15 14:19:17 2020, board: 1, dev: 4, status: Off
Wed Jul 15 14:19:18 2020, board: 1, dev: 1, status: On
Wed Jul 15 14:19:19 2020, board: 1, dev: 2, status: On
Wed Jul 15 14:19:20 2020, board: 1, dev: 3, status: On
Wed Jul 15 14:19:20 2020, board: 1, dev: 4, status: On
Wed Jul 15 15:37:10 2020, board: 1, dev: 4, status: On
Wed Jul 15 15:38:26 2020, board: 1, dev: 4, status: On
Wed Jul 15 15:39:36 2020, board: 1, dev: 4, status: Off
Wed Jul 15 15:41:35 2020, board: 1, dev: 2, status: Off
Wed Jul 15 15:42:42 2020, board: 1, dev: 4, status: On
Wed Jul 15 15:42:44 2020, board: 1, dev: 4, status: Off
Wed Jul 15 15:42:45 2020, board: 1, dev: 3, status: On
Wed Jul 15 15:42:45 2020, board: 1, dev: 3, status: Off
Wed Jul 15 15:42:47 2020, board: 1, dev: 3, status: On
Wed Jul 15 15:43:47 2020, board: 1, dev: 4, status: On
Wed Jul 15 15:43:48 2020, board: 1, dev: 4, status: Off
Wed Jul 15 15:43:50 2020, board: 1, dev: 1, status: On
Wed Jul 15 15:43:52 2020, board: 1, dev: 1, status: Off
Wed Jul 15 15:49:36 2020, board: 1, dev: 3, status: On
Wed Jul 15 16:14:46 2020, board: 1, dev: 3, status: Off
